<?xml version="1.0" encoding="UTF-8"?>
<testsuite xmlns:xsi="http://www.w3.org/2001/XMLSchema-instance" xsi:noNamespaceSchemaLocation="https://maven.apache.org/surefire/maven-surefire-plugin/xsd/surefire-test-report-3.0.xsd" version="3.0" name="StatisticCalculatorTest" time="0.102" tests="4" errors="0" skipped="0" failures="0">
  <properties>
[...]
</properties>
  <testcase name="compareAverageValues1" classname="StatisticCalculatorTest" time="0.064"/>
  <testcase name="compareAverageValues2" classname="StatisticCalculatorTest" time="0.002"/>
  <testcase name="compareAverageValues3" classname="StatisticCalculatorTest" time="0.001"/>
  <testcase name="calculateAverageValue" classname="StatisticCalculatorTest" time="0.001"/>
</testsuite>